PS C:\Users\Cyan\Desktop\Seneca\CPA\Sem2\WEB 222\Weekly lessons\Week 3\New\A1> npm .eslintrc.js    
Unknown command: ".eslintrc.js"
PS C:\Users\Cyan\Desktop\Seneca\CPA\Sem2\WEB 222\Weekly lessons\Week 3\New\A1>  c:; cd 'c:\Users\Cyan\Desktop\Seneca\CPA\Sem2\WEB 222\Weekly lessons\Week 3\New\A1'; ${env:NODE_OPTIONS}='--require "c:/Users/Cyan/AppData/Local/Programs/Microsoft VS Code/resources/app/extensions/ms-vscode.js-debug/src/bootloader.bundle.js" --inspect-publish-uid=http'; ${env:VSCODE_INSPECTOR_OPTIONS}='{"inspectorIpc":"\\\\.\\pipe\\node-cdp.6352-5.sock","deferredMode":false,"waitForDebugger":"","execPath":"C:\\Program Files\\nodejs\\node.exe","onlyEntrypoint":false,"autoAttachMode":"always","fileCallback":"C:\\Users\\Cyan\\AppData\\Local\\Temp\\node-debug-callback-907e272794faa59f"}'; & 'C:\Program Files\nodejs\node.exe' '.\node_modules\jest\bin\jest' 
'--runInBand' 
Debugger attached.
 PASS  src/problem-09.test.js
 PASS  src/problem-04.test.js
 PASS  src/problem-03.test.js
 PASS  src/problem-10.test.js
 PASS  src/problem-02.test.js
 PASS  src/problem-06.test.js
 PASS  src/problem-05.test.js
 PASS  src/problem-08.test.js
 PASS  src/problem-07.test.js
 PASS  src/problem-01.test.js
 PASS  src/problem-00.test.js

Test Suites: 11 passed, 11 total
Tests:       108 passed, 108 total
Snapshots:   0 total
Time:        2.417 s, estimated 3 s
Ran all test suites.
Waiting for the debugger to disconnect...
PS C:\Users\Cyan\Desktop\Seneca\CPA\Sem2\WEB 222\Weekly lessons\Week 3\New\A1> 